<?xml version="1.0" encoding="UTF-8"?>
<testsuite name="ru.hse.spb.sharkova.lockfreeset.LockFreeSetTest" tests="5" skipped="0" failures="0" errors="0" timestamp="2019-05-19T18:42:37" hostname="darya-asus-UX303UA" time="0.005">
  <properties/>
  <testcase name="testAdd" classname="ru.hse.spb.sharkova.lockfreeset.LockFreeSetTest" time="0.003"/>
  <testcase name="testContains" classname="ru.hse.spb.sharkova.lockfreeset.LockFreeSetTest" time="0.0"/>
  <testcase name="testIsEmpty" classname="ru.hse.spb.sharkova.lockfreeset.LockFreeSetTest" time="0.0"/>
  <testcase name="testRemove" classname="ru.hse.spb.sharkova.lockfreeset.LockFreeSetTest" time="0.0"/>
  <testcase name="testIterator" classname="ru.hse.spb.sharkova.lockfreeset.LockFreeSetTest" time="0.0"/>
  <system-out><![CDATA[]]></system-out>
  <system-err><![CDATA[]]></system-err>
</testsuite>
