<?xml version="1.0" encoding="UTF-8"?>
<testsuite name="ru.hse.spb.sharkova.lockfreeset.LockFreeSetLincheckTest" tests="1" skipped="0" failures="0" errors="0" timestamp="2019-05-19T18:42:37" hostname="darya-asus-UX303UA" time="5.783">
  <properties/>
  <testcase name="runLinCheck" classname="ru.hse.spb.sharkova.lockfreeset.LockFreeSetLincheckTest" time="5.783"/>
  <system-out><![CDATA[]]></system-out>
  <system-err><![CDATA[]]></system-err>
</testsuite>
